Plugins:
Bundled analyzers:
  - Python Code Quality and Security 3.19.0.10254 (python)
  - Go Code Quality and Security 1.11.0.3905 (go)
  - JaCoCo 1.1.1.1157 (jacoco)
  - Kotlin Code Quality and Security 2.10.0.1456 (kotlin)
  - IaC Code Quality and Security 1.9.2.2279 (iac)
  - JavaScript/TypeScript/CSS Code Quality and Security 9.9.0.19492 (javascript)
  - Ruby Code Quality and Security 1.11.0.3905 (ruby)
  - Scala Code Quality and Security 1.11.0.3905 (sonarscala)
  - C# Code Quality and Security 8.46.0.54807 (csharp)
  - Java Code Quality and Security 7.14.0.30229 (java)
  - HTML Code Quality and Security 3.6.0.3106 (web)
  - Flex Code Quality and Security 2.7.0.2865 (flex)
  - XML Code Quality and Security 2.6.1.3686 (xml)
  - PHP Code Quality and Security 3.25.0.9077 (php)
  - Text file Code Quality and Security 1.1.0.282 (text)
  - VB.NET Code Quality and Security 8.46.0.54807 (vbnet)
  - Configuration detection fot Code Quality and Security 1.2.0.267 (config)
Global server settings:
  - sonar.core.id=147B411E-AYUVhxRs40e55GQb1xNC
  - sonar.core.startTime=2022-12-15T11:24:10+0000
  - sonar.forceAuthentication=true
Project server settings:
Project scanner properties:
  - sonar.host.url=http://localhost:9000
  - sonar.login=******
  - sonar.projectBaseDir=C:\Users\leobb\eclipse-workspace\S3\src
  - sonar.projectKey=SAE3_Java
  - sonar.scanner.app=ScannerCLI
  - sonar.scanner.appVersion=4.7.0.2747
  - sonar.sourceEncoding=windows-1252
  - sonar.sources=.
  - sonar.verbose=true
  - sonar.working.directory=C:\Users\leobb\eclipse-workspace\S3\src\.scannerwork
